<?xml version="1.0" encoding="UTF-8"?>
<!-- Generated by org.testng.reporters.JUnitReportReporter -->
<testsuite skipped="0" hostname="CA-OT-IBRAHIM-L" name="testngExamples.FooTest" tests="4" failures="0" timestamp="24 Jul 2017 18:33:21 GMT" time="0.008" errors="0">
  <testcase name="test1" time="0.005" classname="testngExamples.FooTest"/>
  <testcase name="test2" time="0.001" classname="testngExamples.FooTest"/>
  <testcase name="test1" time="0.001" classname="testngExamples.FooTest"/>
  <testcase name="test2" time="0.001" classname="testngExamples.FooTest"/>
</testsuite> <!-- testngExamples.FooTest -->
