<?xml version="1.0" encoding="UTF-8"?>
<!-- Generated by org.testng.reporters.JUnitReportReporter -->
<testsuite skipped="0" hostname="CA-OT-IBRAHIM-L" name="testngExamples.FooTest" tests="4" failures="0" timestamp="24 Jul 2017 18:39:14 GMT" time="0.013" errors="0">
  <testcase name="test2" time="0.002" classname="testngExamples.FooTest"/>
  <testcase name="test1" time="0.007" classname="testngExamples.FooTest"/>
  <testcase name="test2" time="0.002" classname="testngExamples.FooTest"/>
  <testcase name="test1" time="0.002" classname="testngExamples.FooTest"/>
</testsuite> <!-- testngExamples.FooTest -->
